Using pre-set license
Built from '2020.3/staging' branch; Version is '2020.3.3f1 (76626098c1c4) revision 7758432'; Using compiler version '192528614'; Build Type 'Release'
OS: 'Windows 10 Home; OS build 19043.1165; Version 2009; 64bit' Language: 'en' Physical Memory: 32706 MB
BatchMode: 1, IsHumanControllingUs: 0, StartBugReporterOnCrash: 0, Is64bit: 1, IsPro: 0

 COMMAND LINE ARGUMENTS:
F:\Unity\2020.3.3f1\Editor\Unity.exe
-adb2
-batchMode
-noUpm
-name
AssetImportWorker0
-projectPath
F:/GitHub/Creative_Scenes
-logFile
Logs/AssetImportWorker0.log
-srvPort
53154
Successfully changed project path to: F:/GitHub/Creative_Scenes
F:/GitHub/Creative_Scenes
Using Asset Import Pipeline V2.
Refreshing native plugins compatible for Editor in 136.35 ms, found 0 plugins.
Preloading 0 native plugins for Editor in 0.00 ms.
Initialize engine version: 2020.3.3f1 (76626098c1c4)
[Subsystems] Discovering subsystems at path F:/Unity/2020.3.3f1/Editor/Data/Resources/UnitySubsystems
[Subsystems] Discovering subsystems at path F:/GitHub/Creative_Scenes/Assets
GfxDevice: creating device client; threaded=0
Direct3D:
    Version:  Direct3D 11.0 [level 11.1]
    Renderer: NVIDIA GeForce GTX 1070 (ID=0x1b81)
    Vendor:   
    VRAM:     8088 MB
    Driver:   27.21.14.6140
Initialize mono
Mono path[0] = 'F:/Unity/2020.3.3f1/Editor/Data/Managed'
Mono path[1] = 'F:/Unity/2020.3.3f1/Editor/Data/MonoBleedingEdge/lib/mono/unityjit'
Mono config path = 'F:/Unity/2020.3.3f1/Editor/Data/MonoBleedingEdge/etc'
Using monoOptions --debugger-agent=transport=dt_socket,embedding=1,server=y,suspend=n,address=127.0.0.1:56928
Begin MonoManager ReloadAssembly
Registering precompiled unity dll's ...
Register platform support module: F:/Unity/2020.3.3f1/Editor/Data/PlaybackEngines/WindowsStandaloneSupport/UnityEditor.WindowsStandalone.Extensions.dll
Registered in 0.001387 seconds.
Native extension for WindowsStandalone target not found
Refreshing native plugins compatible for Editor in 152.79 ms, found 0 plugins.
Preloading 0 native plugins for Editor in 0.00 ms.
Invoked RoslynAnalysisRunner static constructor.
RoslynAnalysisRunner will not be running.
RoslynAnalysisRunner has terminated.
Mono: successfully reloaded assembly
- Completed reload, in  1.023 seconds
Platform modules already initialized, skipping
Registering precompiled user dll's ...
Registered in 0.001850 seconds.
Begin MonoManager ReloadAssembly
Native extension for WindowsStandalone target not found
Refreshing native plugins compatible for Editor in 1.90 ms, found 0 plugins.
Preloading 0 native plugins for Editor in 0.00 ms.
Invoked RoslynAnalysisRunner static constructor.
RoslynAnalysisRunner will not be running.
RoslynAnalysisRunner has terminated.
Mono: successfully reloaded assembly
- Completed reload, in  0.790 seconds
Platform modules already initialized, skipping
========================================================================
Worker process is ready to serve import requests
Launched and connected shader compiler UnityShaderCompiler.exe after 0.05 seconds
Refreshing native plugins compatible for Editor in 2.14 ms, found 0 plugins.
Preloading 0 native plugins for Editor in 0.00 ms.
Unloading 1295 Unused Serialized files (Serialized files now loaded: 0)
System memory in use before: 108.6 MB.
System memory in use after: 108.6 MB.

Unloading 10 unused Assets to reduce memory usage. Loaded Objects now: 1760.
Total: 1.807400 ms (FindLiveObjects: 0.166200 ms CreateObjectMapping: 0.048200 ms MarkObjects: 1.465700 ms  DeleteObjects: 0.126000 ms)

========================================================================
Received Import Request.
  path: Assets/PolygonTown/Prefabs/Environment/SM_Env_Bush_02.prefab
  artifactKey: Guid(78ff8aca7f76b3c4db8387aac4c52f21) Importer(815301076,1909f56bfc062723c751e8b465ee728b)
Start importing Assets/PolygonTown/Prefabs/Environment/SM_Env_Bush_02.prefab using Guid(78ff8aca7f76b3c4db8387aac4c52f21) Importer(815301076,1909f56bfc062723c751e8b465ee728b)  -> (artifact id: 'baf357b564e3419c198015161c2861d0') in 0.336022 seconds
  Import took 0.340619 seconds .

========================================================================
Received Import Request.
  Time since last request: 0.000233 seconds.
  path: Assets/PolygonTown/Prefabs/Environment/SM_Env_Bush_01.prefab
  artifactKey: Guid(08f2f2026c32bca4987f070e974fd111) Importer(815301076,1909f56bfc062723c751e8b465ee728b)
Start importing Assets/PolygonTown/Prefabs/Environment/SM_Env_Bush_01.prefab using Guid(08f2f2026c32bca4987f070e974fd111) Importer(815301076,1909f56bfc062723c751e8b465ee728b)  -> (artifact id: '5fb97d5e66d45a50e3e9d9c51d44f750') in 0.016393 seconds
  Import took 0.019477 seconds .

========================================================================
Received Import Request.
  Time since last request: 0.000156 seconds.
  path: Assets/PolygonTown/Prefabs/Environment/SM_Env_Bush_04.prefab
  artifactKey: Guid(116907b4f7d295f4fa7e1791ecabd34d) Importer(815301076,1909f56bfc062723c751e8b465ee728b)
Start importing Assets/PolygonTown/Prefabs/Environment/SM_Env_Bush_04.prefab using Guid(116907b4f7d295f4fa7e1791ecabd34d) Importer(815301076,1909f56bfc062723c751e8b465ee728b)  -> (artifact id: 'd8e576ec6baaba2c3b8f423ec52c42da') in 0.013881 seconds
  Import took 0.016480 seconds .

========================================================================
Received Import Request.
  Time since last request: 0.000161 seconds.
  path: Assets/PolygonTown/Models/Environment/SM_Env_Bush_02.fbx
  artifactKey: Guid(b2c405ec3c51972428a818478c24c142) Importer(815301076,1909f56bfc062723c751e8b465ee728b)
Start importing Assets/PolygonTown/Models/Environment/SM_Env_Bush_02.fbx using Guid(b2c405ec3c51972428a818478c24c142) Importer(815301076,1909f56bfc062723c751e8b465ee728b)  -> (artifact id: '50a6189fecede3bd48b66f4f1ec361b7') in 0.088313 seconds
  Import took 0.091978 seconds .

========================================================================
Received Import Request.
  Time since last request: 0.000259 seconds.
  path: Assets/PolygonTown/Models/Environment/SM_Env_Bush_03.fbx
  artifactKey: Guid(099ae752c217fd94db85fe62e8fdf766) Importer(815301076,1909f56bfc062723c751e8b465ee728b)
Start importing Assets/PolygonTown/Models/Environment/SM_Env_Bush_03.fbx using Guid(099ae752c217fd94db85fe62e8fdf766) Importer(815301076,1909f56bfc062723c751e8b465ee728b)  -> (artifact id: 'fe0ae1aca287e569c3200badbb6a9684') in 0.012826 seconds
  Import took 0.016398 seconds .

========================================================================
Received Import Request.
  Time since last request: 0.000269 seconds.
  path: Assets/PolygonTown/Prefabs/Environment/SM_Env_Bush_03.prefab
  artifactKey: Guid(2fff673d81e939d499674d6b2c822fb5) Importer(815301076,1909f56bfc062723c751e8b465ee728b)
Start importing Assets/PolygonTown/Prefabs/Environment/SM_Env_Bush_03.prefab using Guid(2fff673d81e939d499674d6b2c822fb5) Importer(815301076,1909f56bfc062723c751e8b465ee728b)  -> (artifact id: '98b04d2f38de0ff5dbb77cb15e1e5825') in 0.013065 seconds
  Import took 0.015721 seconds .

========================================================================
Received Import Request.
  Time since last request: 0.000217 seconds.
  path: Assets/PolygonTown/Models/Environment/SM_Env_Bush_04.fbx
  artifactKey: Guid(46e74d47dc1843040a0d54125519afe0) Importer(815301076,1909f56bfc062723c751e8b465ee728b)
Start importing Assets/PolygonTown/Models/Environment/SM_Env_Bush_04.fbx using Guid(46e74d47dc1843040a0d54125519afe0) Importer(815301076,1909f56bfc062723c751e8b465ee728b)  -> (artifact id: 'e867e57f1284a03283246b91b81bcb68') in 0.014579 seconds
  Import took 0.017613 seconds .

========================================================================
Received Import Request.
  Time since last request: 0.000264 seconds.
  path: Assets/PolygonTown/Models/Environment/SM_Env_Bush_01.fbx
  artifactKey: Guid(ddfb71dc9c4454a4e9bf6c7b02e2b658) Importer(815301076,1909f56bfc062723c751e8b465ee728b)
Start importing Assets/PolygonTown/Models/Environment/SM_Env_Bush_01.fbx using Guid(ddfb71dc9c4454a4e9bf6c7b02e2b658) Importer(815301076,1909f56bfc062723c751e8b465ee728b)  -> (artifact id: '58900de1d2dca0970c4004f7711abb59') in 0.011754 seconds
  Import took 0.014440 seconds .

========================================================================
Received Import Request.
  Time since last request: 9.006808 seconds.
  path: Assets/PolygonFantasyKingdom/Prefabs/Environments/SM_Env_Bush_Cluster_02.prefab
  artifactKey: Guid(c7a2afb2fc4d57f44b94c1e96814b5a4) Importer(815301076,1909f56bfc062723c751e8b465ee728b)
Start importing Assets/PolygonFantasyKingdom/Prefabs/Environments/SM_Env_Bush_Cluster_02.prefab using Guid(c7a2afb2fc4d57f44b94c1e96814b5a4) Importer(815301076,1909f56bfc062723c751e8b465ee728b)  -> (artifact id: '76e81bafc2c6640723acfad8b9515a0c') in 0.041044 seconds
  Import took 0.045280 seconds .

========================================================================
Received Import Request.
  Time since last request: 59.486014 seconds.
  path: Assets/PolygonFantasyKingdom/Prefabs/Environments/SM_Env_Bush_Cluster_03.prefab
  artifactKey: Guid(c2510d402c00b8d4ea3e1ed4b7838ed2) Importer(815301076,1909f56bfc062723c751e8b465ee728b)
Start importing Assets/PolygonFantasyKingdom/Prefabs/Environments/SM_Env_Bush_Cluster_03.prefab using Guid(c2510d402c00b8d4ea3e1ed4b7838ed2) Importer(815301076,1909f56bfc062723c751e8b465ee728b)  -> (artifact id: '7d8c924321141d7803af29486edef549') in 0.043721 seconds
  Import took 0.048525 seconds .

========================================================================
Received Import Request.
  Time since last request: 48.059873 seconds.
  path: Assets/PolygonTown/Models/Environment/SM_Env_Tree_01.fbx
  artifactKey: Guid(7fda225b787368c4d9a1cefdf92d2fee) Importer(815301076,1909f56bfc062723c751e8b465ee728b)
Start importing Assets/PolygonTown/Models/Environment/SM_Env_Tree_01.fbx using Guid(7fda225b787368c4d9a1cefdf92d2fee) Importer(815301076,1909f56bfc062723c751e8b465ee728b)  -> (artifact id: 'f6c0f8b78082cf5a3a63537097737852') in 0.014644 seconds
  Import took 0.018911 seconds .

========================================================================
Received Import Request.
  Time since last request: 0.000203 seconds.
  path: Assets/PolygonTown/Prefabs/Environment/SM_Env_Tree_02.prefab
  artifactKey: Guid(223aa9d7d1bf62b40997651754341f4c) Importer(815301076,1909f56bfc062723c751e8b465ee728b)
Start importing Assets/PolygonTown/Prefabs/Environment/SM_Env_Tree_02.prefab using Guid(223aa9d7d1bf62b40997651754341f4c) Importer(815301076,1909f56bfc062723c751e8b465ee728b)  -> (artifact id: '38a7bf3143c8b6f96c2a8a4102e4560d') in 0.016987 seconds
  Import took 0.020265 seconds .

========================================================================
Received Import Request.
  Time since last request: 0.000255 seconds.
  path: Assets/PolygonTown/Models/Environment/SM_Env_Tree_Base_01.fbx
  artifactKey: Guid(b3e4344253de4e04a8153b0836346b3a) Importer(815301076,1909f56bfc062723c751e8b465ee728b)
Start importing Assets/PolygonTown/Models/Environment/SM_Env_Tree_Base_01.fbx using Guid(b3e4344253de4e04a8153b0836346b3a) Importer(815301076,1909f56bfc062723c751e8b465ee728b)  -> (artifact id: '5924934287788b9e174d12ea9ae9d5b9') in 0.014110 seconds
  Import took 0.016656 seconds .

========================================================================
Received Import Request.
  Time since last request: 0.000235 seconds.
  path: Assets/PolygonTown/Models/Environment/SM_Env_Tree_DirtPile_01.fbx
  artifactKey: Guid(30e194f9bde0acd4c8361c0bf8c4e99a) Importer(815301076,1909f56bfc062723c751e8b465ee728b)
Start importing Assets/PolygonTown/Models/Environment/SM_Env_Tree_DirtPile_01.fbx using Guid(30e194f9bde0acd4c8361c0bf8c4e99a) Importer(815301076,1909f56bfc062723c751e8b465ee728b)  -> (artifact id: 'a231955f63642474b497d37f18b3cfe7') in 0.015601 seconds
  Import took 0.018302 seconds .

========================================================================
Received Import Request.
  Time since last request: 0.000201 seconds.
  path: Assets/PolygonTown/Prefabs/Environment/SM_Env_Tree_02_Framed.prefab
  artifactKey: Guid(70aa971ee2146a74ab39a8cd72fbae82) Importer(815301076,1909f56bfc062723c751e8b465ee728b)
Start importing Assets/PolygonTown/Prefabs/Environment/SM_Env_Tree_02_Framed.prefab using Guid(70aa971ee2146a74ab39a8cd72fbae82) Importer(815301076,1909f56bfc062723c751e8b465ee728b)  -> (artifact id: '62b3b95b73b1c302b59d746a2f87b3ba') in 0.014298 seconds
  Import took 0.016844 seconds .

========================================================================
Received Import Request.
  Time since last request: 0.000174 seconds.
  path: Assets/PolygonTown/Prefabs/Environment/SM_Env_Tree_03.prefab
  artifactKey: Guid(e24de7eecd8cc6c4a995bf8d9a032990) Importer(815301076,1909f56bfc062723c751e8b465ee728b)
Start importing Assets/PolygonTown/Prefabs/Environment/SM_Env_Tree_03.prefab using Guid(e24de7eecd8cc6c4a995bf8d9a032990) Importer(815301076,1909f56bfc062723c751e8b465ee728b)  -> (artifact id: 'f6ca6654a3d4637e87fd807979784742') in 0.012921 seconds
  Import took 0.015863 seconds .

========================================================================
Received Import Request.
  Time since last request: 0.000213 seconds.
  path: Assets/PolygonTown/Models/Environment/SM_Env_Tree_02_Framed.fbx
  artifactKey: Guid(b770c5ef2ab06eb49b34bc00211f467c) Importer(815301076,1909f56bfc062723c751e8b465ee728b)
Start importing Assets/PolygonTown/Models/Environment/SM_Env_Tree_02_Framed.fbx using Guid(b770c5ef2ab06eb49b34bc00211f467c) Importer(815301076,1909f56bfc062723c751e8b465ee728b)  -> (artifact id: 'bc552bce52ec42931811d6d556ba1f40') in 0.010741 seconds
  Import took 0.013264 seconds .

========================================================================
Received Import Request.
  Time since last request: 0.000203 seconds.
  path: Assets/PolygonTown/Prefabs/Environment/SM_Env_Tree_Base_01.prefab
  artifactKey: Guid(9396d1599b0e3dc41852d63c6cc963c5) Importer(815301076,1909f56bfc062723c751e8b465ee728b)
Start importing Assets/PolygonTown/Prefabs/Environment/SM_Env_Tree_Base_01.prefab using Guid(9396d1599b0e3dc41852d63c6cc963c5) Importer(815301076,1909f56bfc062723c751e8b465ee728b)  -> (artifact id: '67bf1d4e5a997eecc8f9cba1e57c5007') in 0.014757 seconds
  Import took 0.017917 seconds .

========================================================================
Received Import Request.
  Time since last request: 0.000207 seconds.
  path: Assets/PolygonTown/Models/Environment/SM_Env_Tree_02.fbx
  artifactKey: Guid(f93ccc690e9cbaa4ab1afbd55b4d0d70) Importer(815301076,1909f56bfc062723c751e8b465ee728b)
Start importing Assets/PolygonTown/Models/Environment/SM_Env_Tree_02.fbx using Guid(f93ccc690e9cbaa4ab1afbd55b4d0d70) Importer(815301076,1909f56bfc062723c751e8b465ee728b)  -> (artifact id: 'bd217973551f3a843f4bb1e316528f5c') in 0.012044 seconds
  Import took 0.014870 seconds .

========================================================================
Received Import Request.
  Time since last request: 0.000187 seconds.
  path: Assets/PolygonTown/Prefabs/Environment/SM_Env_Tree_03_Framed.prefab
  artifactKey: Guid(1f5565c1b46deb046a4605b523c0169c) Importer(815301076,1909f56bfc062723c751e8b465ee728b)
Start importing Assets/PolygonTown/Prefabs/Environment/SM_Env_Tree_03_Framed.prefab using Guid(1f5565c1b46deb046a4605b523c0169c) Importer(815301076,1909f56bfc062723c751e8b465ee728b)  -> (artifact id: 'fdabb4e23bd5ae33bf71449b79a939f7') in 0.014819 seconds
  Import took 0.017521 seconds .

========================================================================
Received Import Request.
  Time since last request: 0.000200 seconds.
  path: Assets/PolygonTown/Prefabs/Environment/SM_Env_Tree_DirtPile_01.prefab
  artifactKey: Guid(baed08b3638bd0242bda974287c7b38d) Importer(815301076,1909f56bfc062723c751e8b465ee728b)
Start importing Assets/PolygonTown/Prefabs/Environment/SM_Env_Tree_DirtPile_01.prefab using Guid(baed08b3638bd0242bda974287c7b38d) Importer(815301076,1909f56bfc062723c751e8b465ee728b)  -> (artifact id: '6a8fababfe213157c8d92a7de58e576d') in 0.012353 seconds
  Import took 0.015032 seconds .

========================================================================
Received Import Request.
  Time since last request: 0.000178 seconds.
  path: Assets/PolygonTown/Models/Environment/SM_Env_Tree_03.fbx
  artifactKey: Guid(7da8fbb72626c5d4dab38f29d14090eb) Importer(815301076,1909f56bfc062723c751e8b465ee728b)
Start importing Assets/PolygonTown/Models/Environment/SM_Env_Tree_03.fbx using Guid(7da8fbb72626c5d4dab38f29d14090eb) Importer(815301076,1909f56bfc062723c751e8b465ee728b)  -> (artifact id: '226b49c514b34fa7ddd02447c7af5c04') in 0.013439 seconds
  Import took 0.016288 seconds .

========================================================================
Received Import Request.
  Time since last request: 0.000647 seconds.
  path: Assets/PolygonTown/Models/Environment/SM_Env_Tree_Large_01.fbx
  artifactKey: Guid(6db1cae809cfa4d49aa557887c926282) Importer(815301076,1909f56bfc062723c751e8b465ee728b)
Start importing Assets/PolygonTown/Models/Environment/SM_Env_Tree_Large_01.fbx using Guid(6db1cae809cfa4d49aa557887c926282) Importer(815301076,1909f56bfc062723c751e8b465ee728b)  -> (artifact id: '2a9a3988f36633f81428b0cabda642a6') in 0.034318 seconds
  Import took 0.037711 seconds .

========================================================================
Received Import Request.
  Time since last request: 0.000272 seconds.
  path: Assets/PolygonTown/Prefabs/Environment/SM_Env_Tree_Large_01.prefab
  artifactKey: Guid(166ac0aac2a798f44a10397bd28a45cd) Importer(815301076,1909f56bfc062723c751e8b465ee728b)
Start importing Assets/PolygonTown/Prefabs/Environment/SM_Env_Tree_Large_01.prefab using Guid(166ac0aac2a798f44a10397bd28a45cd) Importer(815301076,1909f56bfc062723c751e8b465ee728b)  -> (artifact id: '9a1956ebeeb2fb2eb06d025ccc62954d') in 0.016074 seconds
  Import took 0.019047 seconds .

========================================================================
Received Import Request.
  Time since last request: 0.000281 seconds.
  path: Assets/PolygonTown/Prefabs/Environment/SM_Env_Tree_01.prefab
  artifactKey: Guid(6d1496d727d4f994dbf798b763f2acfd) Importer(815301076,1909f56bfc062723c751e8b465ee728b)
Start importing Assets/PolygonTown/Prefabs/Environment/SM_Env_Tree_01.prefab using Guid(6d1496d727d4f994dbf798b763f2acfd) Importer(815301076,1909f56bfc062723c751e8b465ee728b)  -> (artifact id: '02bf02a0f13414ad56f9907ab9e316a3') in 0.013492 seconds
  Import took 0.016153 seconds .

========================================================================
Received Import Request.
  Time since last request: 0.000174 seconds.
  path: Assets/PolygonTown/Models/Environment/SM_Env_Tree_03_Framed.fbx
  artifactKey: Guid(9a80c979646f5ba4684f0812544149e9) Importer(815301076,1909f56bfc062723c751e8b465ee728b)
Start importing Assets/PolygonTown/Models/Environment/SM_Env_Tree_03_Framed.fbx using Guid(9a80c979646f5ba4684f0812544149e9) Importer(815301076,1909f56bfc062723c751e8b465ee728b)  -> (artifact id: '18e9e73668a50de4267e0144e3c232bc') in 0.013990 seconds
  Import took 0.016620 seconds .

========================================================================
Received Import Request.
  Time since last request: 3.901259 seconds.
  path: Assets/PolygonTown/Models/Environment/SM_Env_Tree_Pine_01.fbx
  artifactKey: Guid(4fbed16c575bf0c43b0256df1e15b9a3) Importer(815301076,1909f56bfc062723c751e8b465ee728b)
Start importing Assets/PolygonTown/Models/Environment/SM_Env_Tree_Pine_01.fbx using Guid(4fbed16c575bf0c43b0256df1e15b9a3) Importer(815301076,1909f56bfc062723c751e8b465ee728b)  -> (artifact id: '5aa662fbcbfaa7ceb0719f9d9ad3d0d8') in 0.017147 seconds
  Import took 0.020361 seconds .

========================================================================
Received Import Request.
  Time since last request: 0.000188 seconds.
  path: Assets/PolygonTown/Prefabs/Environment/SM_Env_Tree_Pine_01.prefab
  artifactKey: Guid(4f1d7c24a365d0d49a6bb1ea5a847c32) Importer(815301076,1909f56bfc062723c751e8b465ee728b)
Start importing Assets/PolygonTown/Prefabs/Environment/SM_Env_Tree_Pine_01.prefab using Guid(4f1d7c24a365d0d49a6bb1ea5a847c32) Importer(815301076,1909f56bfc062723c751e8b465ee728b)  -> (artifact id: 'fba1b2cb000be8c5eaad90633e2dc0c1') in 0.016843 seconds
  Import took 0.020191 seconds .

========================================================================
Received Import Request.
  Time since last request: 0.000233 seconds.
  path: Assets/PolygonTown/Models/Environment/SM_Env_Tree_Pine_01.fbx
  artifactKey: Guid(4fbed16c575bf0c43b0256df1e15b9a3) Importer(815301076,1909f56bfc062723c751e8b465ee728b)
Start importing Assets/PolygonTown/Models/Environment/SM_Env_Tree_Pine_01.fbx using Guid(4fbed16c575bf0c43b0256df1e15b9a3) Importer(815301076,1909f56bfc062723c751e8b465ee728b)  -> (artifact id: '5aa662fbcbfaa7ceb0719f9d9ad3d0d8') in 0.008743 seconds
  Import took 0.011302 seconds .

========================================================================
Received Import Request.
  Time since last request: 0.000247 seconds.
  path: Assets/PolygonTown/Models/Environment/SM_Env_Tree_Pine_02.fbx
  artifactKey: Guid(f7ca1d57980bf204eabc196abb3812f5) Importer(815301076,1909f56bfc062723c751e8b465ee728b)
Start importing Assets/PolygonTown/Models/Environment/SM_Env_Tree_Pine_02.fbx using Guid(f7ca1d57980bf204eabc196abb3812f5) Importer(815301076,1909f56bfc062723c751e8b465ee728b)  -> (artifact id: '0f2ddc4d156fb503da2732e11022acf2') in 0.014827 seconds
  Import took 0.017924 seconds .

========================================================================
Received Import Request.
  Time since last request: 0.041079 seconds.
  path: Assets/PolygonTown/Prefabs/Environment/SM_Env_Tree_Pine_01.prefab
  artifactKey: Guid(4f1d7c24a365d0d49a6bb1ea5a847c32) Importer(815301076,1909f56bfc062723c751e8b465ee728b)
Start importing Assets/PolygonTown/Prefabs/Environment/SM_Env_Tree_Pine_01.prefab using Guid(4f1d7c24a365d0d49a6bb1ea5a847c32) Importer(815301076,1909f56bfc062723c751e8b465ee728b)  -> (artifact id: 'fba1b2cb000be8c5eaad90633e2dc0c1') in 0.013421 seconds
  Import took 0.016344 seconds .

========================================================================
Received Import Request.
  Time since last request: 0.052358 seconds.
  path: Assets/PolygonTown/Prefabs/Environment/SM_Env_Tree_Pine_02.prefab
  artifactKey: Guid(0c28acc836131a4499ca10f01de4b745) Importer(815301076,1909f56bfc062723c751e8b465ee728b)
Start importing Assets/PolygonTown/Prefabs/Environment/SM_Env_Tree_Pine_02.prefab using Guid(0c28acc836131a4499ca10f01de4b745) Importer(815301076,1909f56bfc062723c751e8b465ee728b)  -> (artifact id: 'f08ba29dfe67825540b369f0957686b1') in 0.016351 seconds
  Import took 0.019283 seconds .

========================================================================
Received Import Request.
  Time since last request: 1.537779 seconds.
  path: Assets/PolygonTown/Models/Environment/SM_Env_Tree_Tall_01.fbx
  artifactKey: Guid(b0c0252cbc9c1904a9642ea9633cc4f4) Importer(815301076,1909f56bfc062723c751e8b465ee728b)
Start importing Assets/PolygonTown/Models/Environment/SM_Env_Tree_Tall_01.fbx using Guid(b0c0252cbc9c1904a9642ea9633cc4f4) Importer(815301076,1909f56bfc062723c751e8b465ee728b)  -> (artifact id: 'cf93c5fc0d94215409568633046bcf9e') in 0.014618 seconds
  Import took 0.017721 seconds .

========================================================================
Received Import Request.
  Time since last request: 0.000231 seconds.
  path: Assets/PolygonTown/Prefabs/Environment/SM_Env_Tree_Tall_02.prefab
  artifactKey: Guid(7d8a2277cf7caa044a00e95ce3b17be1) Importer(815301076,1909f56bfc062723c751e8b465ee728b)
Start importing Assets/PolygonTown/Prefabs/Environment/SM_Env_Tree_Tall_02.prefab using Guid(7d8a2277cf7caa044a00e95ce3b17be1) Importer(815301076,1909f56bfc062723c751e8b465ee728b)  -> (artifact id: '2cc93e010f8b8e3ae350aa2051ee5e27') in 0.015048 seconds
  Import took 0.017660 seconds .

========================================================================
Received Import Request.
  Time since last request: 0.000268 seconds.
  path: Assets/PolygonTown/Prefabs/Environment/SM_Env_Tree_Tall_01.prefab
  artifactKey: Guid(62c25fd7e40fe9c43b52f6419a16e41e) Importer(815301076,1909f56bfc062723c751e8b465ee728b)
Start importing Assets/PolygonTown/Prefabs/Environment/SM_Env_Tree_Tall_01.prefab using Guid(62c25fd7e40fe9c43b52f6419a16e41e) Importer(815301076,1909f56bfc062723c751e8b465ee728b)  -> (artifact id: '7a5b5bad5e4aec2cb4b91e45086dc9d5') in 0.015889 seconds
  Import took 0.018543 seconds .

========================================================================
Received Import Request.
  Time since last request: 0.000256 seconds.
  path: Assets/PolygonTown/Models/Environment/SM_Env_Tree_Tall_02.fbx
  artifactKey: Guid(781decb4dbb4972459f26ddcb0488b5d) Importer(815301076,1909f56bfc062723c751e8b465ee728b)
Start importing Assets/PolygonTown/Models/Environment/SM_Env_Tree_Tall_02.fbx using Guid(781decb4dbb4972459f26ddcb0488b5d) Importer(815301076,1909f56bfc062723c751e8b465ee728b)  -> (artifact id: 'ab0840b06e3815e672659c4d0cc98f7e') in 0.047304 seconds
  Import took 0.050021 seconds .

========================================================================
Received Import Request.
  Time since last request: 9.665278 seconds.
  path: Assets/PolygonFantasyKingdom/Prefabs/Environments/SM_Env_Tree_Pine_Cluster_01.prefab
  artifactKey: Guid(5d42ad4d961622744969e55de6f5270b) Importer(815301076,1909f56bfc062723c751e8b465ee728b)
Start importing Assets/PolygonFantasyKingdom/Prefabs/Environments/SM_Env_Tree_Pine_Cluster_01.prefab using Guid(5d42ad4d961622744969e55de6f5270b) Importer(815301076,1909f56bfc062723c751e8b465ee728b)  -> (artifact id: 'edb2ef7c81ceac57b14eb03dd49c1455') in 0.028201 seconds
  Import took 0.033172 seconds .

========================================================================
Received Import Request.
  Time since last request: 126.255247 seconds.
  path: Assets/PolygonTown/Prefabs/Generic/SM_Generic_Tree_01.prefab
  artifactKey: Guid(fb8ff76ea39ae164f913a3a73070c46c) Importer(815301076,1909f56bfc062723c751e8b465ee728b)
Start importing Assets/PolygonTown/Prefabs/Generic/SM_Generic_Tree_01.prefab using Guid(fb8ff76ea39ae164f913a3a73070c46c) Importer(815301076,1909f56bfc062723c751e8b465ee728b)  -> (artifact id: '140044004a26f8da6e6d670b534f35a1') in 0.016495 seconds
  Import took 0.019515 seconds .

========================================================================
Received Import Request.
  Time since last request: 0.000265 seconds.
  path: Assets/PolygonTown/Models/Generic/SM_Generic_Tree_02.fbx
  artifactKey: Guid(bbe1c95a2bfd1564dbb0cab5e9679440) Importer(815301076,1909f56bfc062723c751e8b465ee728b)
Start importing Assets/PolygonTown/Models/Generic/SM_Generic_Tree_02.fbx using Guid(bbe1c95a2bfd1564dbb0cab5e9679440) Importer(815301076,1909f56bfc062723c751e8b465ee728b)  -> (artifact id: '5b830a3aabad0f8c9764164821455e90') in 0.011609 seconds
  Import took 0.014280 seconds .

========================================================================
Received Import Request.
  Time since last request: 0.000265 seconds.
  path: Assets/PolygonTown/Prefabs/Generic/SM_Generic_Tree_02.prefab
  artifactKey: Guid(182ffa5494ee47148ba7ff0b4936418f) Importer(815301076,1909f56bfc062723c751e8b465ee728b)
Start importing Assets/PolygonTown/Prefabs/Generic/SM_Generic_Tree_02.prefab using Guid(182ffa5494ee47148ba7ff0b4936418f) Importer(815301076,1909f56bfc062723c751e8b465ee728b)  -> (artifact id: 'bf8c2d59e78c9fccbab6d968f868ccf2') in 0.013334 seconds
  Import took 0.016074 seconds .

========================================================================
Received Import Request.
  Time since last request: 0.000245 seconds.
  path: Assets/PolygonTown/Prefabs/Generic/SM_Generic_Tree_01.prefab
  artifactKey: Guid(fb8ff76ea39ae164f913a3a73070c46c) Importer(815301076,1909f56bfc062723c751e8b465ee728b)
Start importing Assets/PolygonTown/Prefabs/Generic/SM_Generic_Tree_01.prefab using Guid(fb8ff76ea39ae164f913a3a73070c46c) Importer(815301076,1909f56bfc062723c751e8b465ee728b)  -> (artifact id: '140044004a26f8da6e6d670b534f35a1') in 0.011130 seconds
  Import took 0.013763 seconds .

========================================================================
Received Import Request.
  Time since last request: 0.000247 seconds.
  path: Assets/PolygonTown/Models/Generic/SM_Generic_Tree_01.fbx
  artifactKey: Guid(6f48891674129ae468dc4704ceb1f8e1) Importer(815301076,1909f56bfc062723c751e8b465ee728b)
Start importing Assets/PolygonTown/Models/Generic/SM_Generic_Tree_01.fbx using Guid(6f48891674129ae468dc4704ceb1f8e1) Importer(815301076,1909f56bfc062723c751e8b465ee728b)  -> (artifact id: 'e04c187e2565ac4c0bfb1a17161cb292') in 0.012177 seconds
  Import took 0.015757 seconds .

========================================================================
Received Import Request.
  Time since last request: 0.016088 seconds.
  path: Assets/PolygonTown/Models/Generic/SM_Generic_Tree_01.fbx
  artifactKey: Guid(6f48891674129ae468dc4704ceb1f8e1) Importer(815301076,1909f56bfc062723c751e8b465ee728b)
Start importing Assets/PolygonTown/Models/Generic/SM_Generic_Tree_01.fbx using Guid(6f48891674129ae468dc4704ceb1f8e1) Importer(815301076,1909f56bfc062723c751e8b465ee728b)  -> (artifact id: 'e04c187e2565ac4c0bfb1a17161cb292') in 0.011532 seconds
  Import took 0.014658 seconds .

========================================================================
Received Import Request.
  Time since last request: 0.049803 seconds.
  path: Assets/PolygonTown/Models/Generic/SM_Generic_Tree_03.fbx
  artifactKey: Guid(03f53d661d9f1964da60ce25241a3245) Importer(815301076,1909f56bfc062723c751e8b465ee728b)
Start importing Assets/PolygonTown/Models/Generic/SM_Generic_Tree_03.fbx using Guid(03f53d661d9f1964da60ce25241a3245) Importer(815301076,1909f56bfc062723c751e8b465ee728b)  -> (artifact id: '3aa2c7a6aab1b1466094376b96d38e3a') in 0.013291 seconds
  Import took 0.016317 seconds .

========================================================================
Received Import Request.
  Time since last request: 0.000264 seconds.
  path: Assets/PolygonTown/Prefabs/Generic/SM_Generic_Tree_03.prefab
  artifactKey: Guid(633078a5a4c63fd4e9f74ac715464876) Importer(815301076,1909f56bfc062723c751e8b465ee728b)
Start importing Assets/PolygonTown/Prefabs/Generic/SM_Generic_Tree_03.prefab using Guid(633078a5a4c63fd4e9f74ac715464876) Importer(815301076,1909f56bfc062723c751e8b465ee728b)  -> (artifact id: '855becf12ea10416fb63ace0a163d5c2') in 0.014613 seconds
  Import took 0.017316 seconds .

========================================================================
Received Import Request.
  Time since last request: 0.029536 seconds.
  path: Assets/PolygonTown/Models/Generic/SM_Generic_Tree_03.fbx
  artifactKey: Guid(03f53d661d9f1964da60ce25241a3245) Importer(815301076,1909f56bfc062723c751e8b465ee728b)
Start importing Assets/PolygonTown/Models/Generic/SM_Generic_Tree_03.fbx using Guid(03f53d661d9f1964da60ce25241a3245) Importer(815301076,1909f56bfc062723c751e8b465ee728b)  -> (artifact id: '3aa2c7a6aab1b1466094376b96d38e3a') in 0.011244 seconds
  Import took 0.014230 seconds .

========================================================================
Received Import Request.
  Time since last request: 0.250382 seconds.
  path: Assets/PolygonTown/Prefabs/Generic/SM_Generic_Tree_04.prefab
  artifactKey: Guid(052b06fefa862764baa3979b42534bae) Importer(815301076,1909f56bfc062723c751e8b465ee728b)
Start importing Assets/PolygonTown/Prefabs/Generic/SM_Generic_Tree_04.prefab using Guid(052b06fefa862764baa3979b42534bae) Importer(815301076,1909f56bfc062723c751e8b465ee728b)  -> (artifact id: '6e5d4a773b75e495b44b4d0a3397a22e') in 0.017768 seconds
  Import took 0.021106 seconds .

========================================================================
Received Import Request.
  Time since last request: 0.000235 seconds.
  path: Assets/PolygonTown/Models/Generic/SM_Generic_Tree_04.fbx
  artifactKey: Guid(08fb85ae738e0144b8d09b6a003527de) Importer(815301076,1909f56bfc062723c751e8b465ee728b)
Start importing Assets/PolygonTown/Models/Generic/SM_Generic_Tree_04.fbx using Guid(08fb85ae738e0144b8d09b6a003527de) Importer(815301076,1909f56bfc062723c751e8b465ee728b)  -> (artifact id: '86aede4a2052948cb69bddca6ec68c87') in 0.014889 seconds
  Import took 0.018133 seconds .

========================================================================
Received Import Request.
  Time since last request: 0.000233 seconds.
  path: Assets/PolygonTown/Prefabs/Generic/SM_Generic_Tree_04.prefab
  artifactKey: Guid(052b06fefa862764baa3979b42534bae) Importer(815301076,1909f56bfc062723c751e8b465ee728b)
Start importing Assets/PolygonTown/Prefabs/Generic/SM_Generic_Tree_04.prefab using Guid(052b06fefa862764baa3979b42534bae) Importer(815301076,1909f56bfc062723c751e8b465ee728b)  -> (artifact id: '6e5d4a773b75e495b44b4d0a3397a22e') in 0.011130 seconds
  Import took 0.013688 seconds .

========================================================================
Received Import Request.
  Time since last request: 0.047734 seconds.
  path: Assets/PolygonTown/Models/Generic/SM_Generic_Tree_04.fbx
  artifactKey: Guid(08fb85ae738e0144b8d09b6a003527de) Importer(815301076,1909f56bfc062723c751e8b465ee728b)
Start importing Assets/PolygonTown/Models/Generic/SM_Generic_Tree_04.fbx using Guid(08fb85ae738e0144b8d09b6a003527de) Importer(815301076,1909f56bfc062723c751e8b465ee728b)  -> (artifact id: '86aede4a2052948cb69bddca6ec68c87') in 0.012471 seconds
  Import took 0.015706 seconds .

========================================================================
Received Import Request.
  Time since last request: 0.000230 seconds.
  path: Assets/PolygonTown/Models/Generic/SM_Generic_TreeDead_01.fbx
  artifactKey: Guid(da63242389faa9e4c8c042e8e3aa5d84) Importer(815301076,1909f56bfc062723c751e8b465ee728b)
Start importing Assets/PolygonTown/Models/Generic/SM_Generic_TreeDead_01.fbx using Guid(da63242389faa9e4c8c042e8e3aa5d84) Importer(815301076,1909f56bfc062723c751e8b465ee728b)  -> (artifact id: '8b5d0757ae751f395f370023602bdaed') in 0.011554 seconds
  Import took 0.014249 seconds .

========================================================================
Received Import Request.
  Time since last request: 0.000270 seconds.
  path: Assets/PolygonTown/Prefabs/Generic/SM_Generic_Tree_Patch_01.prefab
  artifactKey: Guid(3def6ebd6b5a38c4abed4fded567f968) Importer(815301076,1909f56bfc062723c751e8b465ee728b)
Start importing Assets/PolygonTown/Prefabs/Generic/SM_Generic_Tree_Patch_01.prefab using Guid(3def6ebd6b5a38c4abed4fded567f968) Importer(815301076,1909f56bfc062723c751e8b465ee728b)  -> (artifact id: '971cd8099f7135855c565e0e397e6ed5') in 0.015234 seconds
  Import took 0.019002 seconds .

========================================================================
Received Import Request.
  Time since last request: 0.000181 seconds.
  path: Assets/PolygonTown/Models/Generic/SM_Generic_Tree_Patch_01.fbx
  artifactKey: Guid(b1030c67d6b555e45919c4881858a908) Importer(815301076,1909f56bfc062723c751e8b465ee728b)
Start importing Assets/PolygonTown/Models/Generic/SM_Generic_Tree_Patch_01.fbx using Guid(b1030c67d6b555e45919c4881858a908) Importer(815301076,1909f56bfc062723c751e8b465ee728b)  -> (artifact id: 'dedf611a2ad81781204ca6dcd4a3fa3c') in 0.011065 seconds
  Import took 0.014267 seconds .

========================================================================
Received Import Request.
  Time since last request: 0.000180 seconds.
  path: Assets/PolygonTown/Models/Generic/SM_Generic_Tree_Patch_02.fbx
  artifactKey: Guid(07a881b0a27cced47830d326f6f25413) Importer(815301076,1909f56bfc062723c751e8b465ee728b)
Start importing Assets/PolygonTown/Models/Generic/SM_Generic_Tree_Patch_02.fbx using Guid(07a881b0a27cced47830d326f6f25413) Importer(815301076,1909f56bfc062723c751e8b465ee728b)  -> (artifact id: '5010b71ab3fe39d3575128e868e7bb2c') in 0.012643 seconds
  Import took 0.015509 seconds .

========================================================================
Received Import Request.
  Time since last request: 0.000270 seconds.
  path: Assets/PolygonTown/Prefabs/Generic/SM_Generic_Tree_Patch_01.prefab
  artifactKey: Guid(3def6ebd6b5a38c4abed4fded567f968) Importer(815301076,1909f56bfc062723c751e8b465ee728b)
Start importing Assets/PolygonTown/Prefabs/Generic/SM_Generic_Tree_Patch_01.prefab using Guid(3def6ebd6b5a38c4abed4fded567f968) Importer(815301076,1909f56bfc062723c751e8b465ee728b)  -> (artifact id: '971cd8099f7135855c565e0e397e6ed5') in 0.011453 seconds
  Import took 0.014224 seconds .

========================================================================
Received Import Request.
  Time since last request: 0.000203 seconds.
  path: Assets/PolygonTown/Prefabs/Generic/SM_Generic_Tree_Patch_02.prefab
  artifactKey: Guid(b622e1cd3ec670449bbdfc4815e4e902) Importer(815301076,1909f56bfc062723c751e8b465ee728b)
Start importing Assets/PolygonTown/Prefabs/Generic/SM_Generic_Tree_Patch_02.prefab using Guid(b622e1cd3ec670449bbdfc4815e4e902) Importer(815301076,1909f56bfc062723c751e8b465ee728b)  -> (artifact id: '8b203e57da6cb7e1ea3a7b2e4c7a128b') in 0.014551 seconds
  Import took 0.017291 seconds .

========================================================================
Received Import Request.
  Time since last request: 0.030875 seconds.
  path: Assets/PolygonTown/Prefabs/Generic/SM_Generic_Tree_Patch_02.prefab
  artifactKey: Guid(b622e1cd3ec670449bbdfc4815e4e902) Importer(815301076,1909f56bfc062723c751e8b465ee728b)
Start importing Assets/PolygonTown/Prefabs/Generic/SM_Generic_Tree_Patch_02.prefab using Guid(b622e1cd3ec670449bbdfc4815e4e902) Importer(815301076,1909f56bfc062723c751e8b465ee728b)  -> (artifact id: '8b203e57da6cb7e1ea3a7b2e4c7a128b') in 0.010739 seconds
  Import took 0.013753 seconds .

========================================================================
Received Import Request.
  Time since last request: 36.780764 seconds.
  path: Assets/PolygonTown
  artifactKey: Guid(b56901e21ddee5b4c884ec1955c07ce1) Importer(815301076,1909f56bfc062723c751e8b465ee728b)
Start importing Assets/PolygonTown using Guid(b56901e21ddee5b4c884ec1955c07ce1) Importer(815301076,1909f56bfc062723c751e8b465ee728b)  -> (artifact id: 'c1c490b6c8dedb7a9b9755097c0e3c8e') in 0.005258 seconds
  Import took 0.008245 seconds .

========================================================================
Received Import Request.
  Time since last request: 0.000539 seconds.
  path: Assets/PolygonTown
  artifactKey: Guid(b56901e21ddee5b4c884ec1955c07ce1) Importer(815301076,1909f56bfc062723c751e8b465ee728b)
Start importing Assets/PolygonTown using Guid(b56901e21ddee5b4c884ec1955c07ce1) Importer(815301076,1909f56bfc062723c751e8b465ee728b)  -> (artifact id: 'c1c490b6c8dedb7a9b9755097c0e3c8e') in 0.001648 seconds
  Import took 0.004183 seconds .

========================================================================
Received Import Request.
  Time since last request: 1.145615 seconds.
  path: Assets/PolygonTown/POLYGON_Town_Post_Pro_v1.asset
  artifactKey: Guid(6a39e4d9c32e7524480ead5e3924083c) Importer(815301076,1909f56bfc062723c751e8b465ee728b)
Start importing Assets/PolygonTown/POLYGON_Town_Post_Pro_v1.asset using Guid(6a39e4d9c32e7524480ead5e3924083c) Importer(815301076,1909f56bfc062723c751e8b465ee728b)  -> (artifact id: '608592f9f65dfa1e97f0e633849b05bf') in 0.007983 seconds
  Import took 0.011006 seconds .

========================================================================
Received Import Request.
  Time since last request: 1.168119 seconds.
  path: Assets/PolygonTown/Scenes
  artifactKey: Guid(8cd3d2e57629dc34b9683782210b8615) Importer(815301076,1909f56bfc062723c751e8b465ee728b)
Start importing Assets/PolygonTown/Scenes using Guid(8cd3d2e57629dc34b9683782210b8615) Importer(815301076,1909f56bfc062723c751e8b465ee728b)  -> (artifact id: '0eff8204277033507a16e5297fa2a0a1') in 0.004740 seconds
  Import took 0.007674 seconds .

========================================================================
Received Import Request.
  Time since last request: 1.778363 seconds.
  path: Assets/PolygonTown/Scenes/Demo.unity
  artifactKey: Guid(54e9644b66e21b441b9a6eb04b6dad58) Importer(815301076,1909f56bfc062723c751e8b465ee728b)
Start importing Assets/PolygonTown/Scenes/Demo.unity using Guid(54e9644b66e21b441b9a6eb04b6dad58) Importer(815301076,1909f56bfc062723c751e8b465ee728b)  -> (artifact id: '06ef6a4b91158c4f58271dc452030dcb') in 0.005255 seconds
  Import took 0.008122 seconds .

========================================================================
Received Import Request.
  Time since last request: 0.000245 seconds.
  path: Assets/PolygonTown/Scenes/Demo.unity
  artifactKey: Guid(54e9644b66e21b441b9a6eb04b6dad58) Importer(815301076,1909f56bfc062723c751e8b465ee728b)
Start importing Assets/PolygonTown/Scenes/Demo.unity using Guid(54e9644b66e21b441b9a6eb04b6dad58) Importer(815301076,1909f56bfc062723c751e8b465ee728b)  -> (artifact id: '06ef6a4b91158c4f58271dc452030dcb') in 0.001794 seconds
  Import took 0.004427 seconds .

========================================================================
Received Import Request.
  Time since last request: 118.065084 seconds.
  path: Assets/Scenes/Sectants.unity
  artifactKey: Guid(0396d61871eba5748b7a7ce21bc8110d) Importer(815301076,1909f56bfc062723c751e8b465ee728b)
Start importing Assets/Scenes/Sectants.unity using Guid(0396d61871eba5748b7a7ce21bc8110d) Importer(815301076,1909f56bfc062723c751e8b465ee728b)  -> (artifact id: '01ed560fa0843532edcc169492046667') in 0.007019 seconds
  Import took 0.010733 seconds .

========================================================================
Received Import Request.
  Time since last request: 71.438840 seconds.
  path: Assets/Scenes/Sectants.unity
  artifactKey: Guid(0396d61871eba5748b7a7ce21bc8110d) Importer(815301076,1909f56bfc062723c751e8b465ee728b)
Start importing Assets/Scenes/Sectants.unity using Guid(0396d61871eba5748b7a7ce21bc8110d) Importer(815301076,1909f56bfc062723c751e8b465ee728b)  -> (artifact id: '08d0bd2c39df841bdd513c5c81deac06') in 0.002095 seconds
  Import took 0.005073 seconds .

========================================================================
Received Import Request.
  Time since last request: 1528.824761 seconds.
  path: Assets/PolygonTown/Models/Generic/SM_Generic_Mountains_Grass_01.fbx
  artifactKey: Guid(bd346f89c109f814b8d68452edd92816) Importer(815301076,1909f56bfc062723c751e8b465ee728b)
Start importing Assets/PolygonTown/Models/Generic/SM_Generic_Mountains_Grass_01.fbx using Guid(bd346f89c109f814b8d68452edd92816) Importer(815301076,1909f56bfc062723c751e8b465ee728b)  -> (artifact id: '46b882f4c207f99966fcf70bd98a16c1') in 0.015691 seconds
  Import took 0.019950 seconds .

========================================================================
Received Import Request.
  Time since last request: 0.000213 seconds.
  path: Assets/PolygonTown/Models/Generic/SM_Generic_Mountains_Snow_01.fbx
  artifactKey: Guid(0c7ea387966142247ab50627827c7c4c) Importer(815301076,1909f56bfc062723c751e8b465ee728b)
Start importing Assets/PolygonTown/Models/Generic/SM_Generic_Mountains_Snow_01.fbx using Guid(0c7ea387966142247ab50627827c7c4c) Importer(815301076,1909f56bfc062723c751e8b465ee728b)  -> (artifact id: '095a7dc43cbe8345e4b579587ac78721') in 0.014385 seconds
  Import took 0.038876 seconds .

========================================================================
Received Import Request.
  Time since last request: 0.000295 seconds.
  path: Assets/PolygonTown/Models/Generic/SM_Generic_Mountains_Grass_02.fbx
  artifactKey: Guid(4264373e5f824ac45a6c920e3ddf0eb0) Importer(815301076,1909f56bfc062723c751e8b465ee728b)
Start importing Assets/PolygonTown/Models/Generic/SM_Generic_Mountains_Grass_02.fbx using Guid(4264373e5f824ac45a6c920e3ddf0eb0) Importer(815301076,1909f56bfc062723c751e8b465ee728b)  -> (artifact id: '38a44e8644315b985db8c133ae1a668c') in 0.014463 seconds
  Import took 0.017727 seconds .

========================================================================
Received Import Request.
  Time since last request: 0.000313 seconds.
  path: Assets/PolygonTown/Prefabs/Generic/SM_Generic_Mountains_Grass_01.prefab
  artifactKey: Guid(f30a5bd91583adf48916412bd723155b) Importer(815301076,1909f56bfc062723c751e8b465ee728b)
Start importing Assets/PolygonTown/Prefabs/Generic/SM_Generic_Mountains_Grass_01.prefab using Guid(f30a5bd91583adf48916412bd723155b) Importer(815301076,1909f56bfc062723c751e8b465ee728b)  -> (artifact id: 'a3e6d9deeb5117d34fb24180a52909b3') in 0.020247 seconds
  Import took 0.023288 seconds .

========================================================================
Received Import Request.
  Time since last request: 0.000320 seconds.
  path: Assets/PolygonTown/Models/Generic/SM_Generic_Mountains_Soft_01.fbx
  artifactKey: Guid(9aadaa3901803994f8f6e22f174debd9) Importer(815301076,1909f56bfc062723c751e8b465ee728b)
Start importing Assets/PolygonTown/Models/Generic/SM_Generic_Mountains_Soft_01.fbx using Guid(9aadaa3901803994f8f6e22f174debd9) Importer(815301076,1909f56bfc062723c751e8b465ee728b)  -> (artifact id: 'bf1cab1a186113bad8c73120c1cac70c') in 0.013666 seconds
  Import took 0.016714 seconds .

========================================================================
Received Import Request.
  Time since last request: 0.000267 seconds.
  path: Assets/PolygonTown/Prefabs/Generic/SM_Generic_Mountains_Snow_01.prefab
  artifactKey: Guid(0f431826234a51d42a8e7201ff800f06) Importer(815301076,1909f56bfc062723c751e8b465ee728b)
Start importing Assets/PolygonTown/Prefabs/Generic/SM_Generic_Mountains_Snow_01.prefab using Guid(0f431826234a51d42a8e7201ff800f06) Importer(815301076,1909f56bfc062723c751e8b465ee728b)  -> (artifact id: 'ceb0f3cf42d77ae1bbfc9345ec0ff304') in 0.011714 seconds
  Import took 0.014701 seconds .

========================================================================
Received Import Request.
  Time since last request: 0.000270 seconds.
  path: Assets/PolygonTown/Prefabs/Generic/SM_Generic_Mountains_Soft_01.prefab
  artifactKey: Guid(e4d8b223f1d412c41b282f48f07dbaa8) Importer(815301076,1909f56bfc062723c751e8b465ee728b)
Start importing Assets/PolygonTown/Prefabs/Generic/SM_Generic_Mountains_Soft_01.prefab using Guid(e4d8b223f1d412c41b282f48f07dbaa8) Importer(815301076,1909f56bfc062723c751e8b465ee728b)  -> (artifact id: '32ae3b651f82213604e0a4d92f8ecf80') in 0.011872 seconds
  Import took 0.017294 seconds .

========================================================================
Received Import Request.
  Time since last request: 0.000293 seconds.
  path: Assets/PolygonTown/Prefabs/Generic/SM_Generic_Mountains_Grass_02.prefab
  artifactKey: Guid(d211aa5e6b87ba7488268e9e93fa4c59) Importer(815301076,1909f56bfc062723c751e8b465ee728b)
Start importing Assets/PolygonTown/Prefabs/Generic/SM_Generic_Mountains_Grass_02.prefab using Guid(d211aa5e6b87ba7488268e9e93fa4c59) Importer(815301076,1909f56bfc062723c751e8b465ee728b)  -> (artifact id: '2844fc9d8f0a1ae00620b9578c9375b4') in 0.016164 seconds
  Import took 0.019776 seconds .

========================================================================
Received Import Request.
  Time since last request: 0.087860 seconds.
  path: Assets/PolygonTown/Prefabs/Generic/SM_Generic_Mountains_Soft_01.prefab
  artifactKey: Guid(e4d8b223f1d412c41b282f48f07dbaa8) Importer(815301076,1909f56bfc062723c751e8b465ee728b)
Start importing Assets/PolygonTown/Prefabs/Generic/SM_Generic_Mountains_Soft_01.prefab using Guid(e4d8b223f1d412c41b282f48f07dbaa8) Importer(815301076,1909f56bfc062723c751e8b465ee728b)  -> (artifact id: '32ae3b651f82213604e0a4d92f8ecf80') in 0.010576 seconds
  Import took 0.013960 seconds .

========================================================================
Received Import Request.
  Time since last request: 571.427141 seconds.
  path: Assets/PolygonTown/Materials/Misc/Ground.mat
  artifactKey: Guid(0abcedae82ad13b49b256de7b8541398) Importer(815301076,1909f56bfc062723c751e8b465ee728b)
Start importing Assets/PolygonTown/Materials/Misc/Ground.mat using Guid(0abcedae82ad13b49b256de7b8541398) Importer(815301076,1909f56bfc062723c751e8b465ee728b)  -> (artifact id: 'bcf4a5c245132d833b39a497763d0900') in 0.032546 seconds
  Import took 0.036506 seconds .

========================================================================
Received Import Request.
  Time since last request: 0.000244 seconds.
  path: Assets/PolygonTown/Models/Buildings/SM_Bld_House_ExteriorWall_GroundFloor_01.fbx
  artifactKey: Guid(bf9379382bbc5e7498a94cea60b1a05d) Importer(815301076,1909f56bfc062723c751e8b465ee728b)
Start importing Assets/PolygonTown/Models/Buildings/SM_Bld_House_ExteriorWall_GroundFloor_01.fbx using Guid(bf9379382bbc5e7498a94cea60b1a05d) Importer(815301076,1909f56bfc062723c751e8b465ee728b)  -> (artifact id: '970c21187597628fdfe431b8e0d2c163') in 0.018041 seconds
  Import took 0.023471 seconds .

========================================================================
Received Import Request.
  Time since last request: 0.000308 seconds.
  path: Assets/PolygonTown/Prefabs/Buildings/SM_Bld_House_ExteriorWall_GroundFloor_Door_01.prefab
  artifactKey: Guid(927368ef57d09e641a22c503a6a8a026) Importer(815301076,1909f56bfc062723c751e8b465ee728b)
Start importing Assets/PolygonTown/Prefabs/Buildings/SM_Bld_House_ExteriorWall_GroundFloor_Door_01.prefab using Guid(927368ef57d09e641a22c503a6a8a026) Importer(815301076,1909f56bfc062723c751e8b465ee728b)  -> (artifact id: '156f649fa7439151e6743b87b1cc10ba') in 0.021218 seconds
  Import took 0.024597 seconds .

========================================================================
Received Import Request.
  Time since last request: 0.000281 seconds.
  path: Assets/PolygonTown/Prefabs/Buildings/SM_Bld_House_ExteriorWall_GroundFloor_03.prefab
  artifactKey: Guid(4e9c599ea2e380c44af83ed8460a5bef) Importer(815301076,1909f56bfc062723c751e8b465ee728b)
Start importing Assets/PolygonTown/Prefabs/Buildings/SM_Bld_House_ExteriorWall_GroundFloor_03.prefab using Guid(4e9c599ea2e380c44af83ed8460a5bef) Importer(815301076,1909f56bfc062723c751e8b465ee728b)  -> (artifact id: '596f35927b61243df28808a462633ccd') in 0.013970 seconds
  Import took 0.017281 seconds .

========================================================================
Received Import Request.
  Time since last request: 0.000244 seconds.
  path: Assets/PolygonTown/Models/Buildings/SM_Bld_House_ExteriorWall_GroundFloor_Garage_01.fbx
  artifactKey: Guid(509a08e0f20d5c84d8f1d9fec3603792) Importer(815301076,1909f56bfc062723c751e8b465ee728b)
Start importing Assets/PolygonTown/Models/Buildings/SM_Bld_House_ExteriorWall_GroundFloor_Garage_01.fbx using Guid(509a08e0f20d5c84d8f1d9fec3603792) Importer(815301076,1909f56bfc062723c751e8b465ee728b)  -> (artifact id: '297dc77bdf66317dd85db6495b1e61a4') in 0.012666 seconds
  Import took 0.015738 seconds .

========================================================================
Received Import Request.
  Time since last request: 0.000206 seconds.
  path: Assets/PolygonTown/Models/Buildings/SM_Bld_House_ExteriorWall_GroundFloor_03.fbx
  artifactKey: Guid(c2e9ba628bdab1644bfb67f7ac0bea7d) Importer(815301076,1909f56bfc062723c751e8b465ee728b)
Start importing Assets/PolygonTown/Models/Buildings/SM_Bld_House_ExteriorWall_GroundFloor_03.fbx using Guid(c2e9ba628bdab1644bfb67f7ac0bea7d) Importer(815301076,1909f56bfc062723c751e8b465ee728b)  -> (artifact id: 'c45a4381c2808ae82156f40c0fe49519') in 0.011333 seconds
  Import took 0.014043 seconds .

========================================================================
Received Import Request.
  Time since last request: 0.000181 seconds.
  path: Assets/PolygonTown/Models/Buildings/SM_Bld_House_ExteriorWall_GroundFloor_Window_01.fbx
  artifactKey: Guid(efcd58fc4c07e6a4f9fbc82c2f92d3e9) Importer(815301076,1909f56bfc062723c751e8b465ee728b)
Start importing Assets/PolygonTown/Models/Buildings/SM_Bld_House_ExteriorWall_GroundFloor_Window_01.fbx using Guid(efcd58fc4c07e6a4f9fbc82c2f92d3e9) Importer(815301076,1909f56bfc062723c751e8b465ee728b)  -> (artifact id: '84e635bb9223dca688d5390b8cb37776') in 0.012558 seconds
  Import took 0.015687 seconds .

========================================================================
Received Import Request.
  Time since last request: 0.000202 seconds.
  path: Assets/PolygonTown/Models/Buildings/SM_Bld_House_ExteriorWall_GroundFloor_Corner_01.fbx
  artifactKey: Guid(1bd343b917362fd41b3093712d3cbb1a) Importer(815301076,1909f56bfc062723c751e8b465ee728b)
Start importing Assets/PolygonTown/Models/Buildings/SM_Bld_House_ExteriorWall_GroundFloor_Corner_01.fbx using Guid(1bd343b917362fd41b3093712d3cbb1a) Importer(815301076,1909f56bfc062723c751e8b465ee728b)  -> (artifact id: '19fc275b07a1b7ef7d3c9a217e852df7') in 0.012250 seconds
  Import took 0.015615 seconds .

========================================================================
Received Import Request.
  Time since last request: 0.000218 seconds.
  path: Assets/PolygonTown/Models/Buildings/SM_Bld_House_ExteriorWall_GroundFloor_Door_01.fbx
  artifactKey: Guid(203c7fed9b0a60c4399b20cbb66444af) Importer(815301076,1909f56bfc062723c751e8b465ee728b)
Start importing Assets/PolygonTown/Models/Buildings/SM_Bld_House_ExteriorWall_GroundFloor_Door_01.fbx using Guid(203c7fed9b0a60c4399b20cbb66444af) Importer(815301076,1909f56bfc062723c751e8b465ee728b)  -> (artifact id: '2d93f528b6c3287ed5dfc3bc7392c78a') in 0.012362 seconds
  Import took 0.032294 seconds .

========================================================================
Received Import Request.
  Time since last request: 0.000188 seconds.
  path: Assets/PolygonTown/Models/Buildings/SM_Bld_House_ExteriorWall_GroundFloor_01.fbx
  artifactKey: Guid(bf9379382bbc5e7498a94cea60b1a05d) Importer(815301076,1909f56bfc062723c751e8b465ee728b)
Start importing Assets/PolygonTown/Models/Buildings/SM_Bld_House_ExteriorWall_GroundFloor_01.fbx using Guid(bf9379382bbc5e7498a94cea60b1a05d) Importer(815301076,1909f56bfc062723c751e8b465ee728b)  -> (artifact id: '970c21187597628fdfe431b8e0d2c163') in 0.008890 seconds
  Import took 0.011482 seconds .

========================================================================
Received Import Request.
  Time since last request: 0.000218 seconds.
  path: Assets/PolygonTown/Prefabs/Buildings/SM_Bld_House_ExteriorWall_GroundFloor_Window_01.prefab
  artifactKey: Guid(642aa9de4ab3d994a94a76aae2abbedd) Importer(815301076,1909f56bfc062723c751e8b465ee728b)
Start importing Assets/PolygonTown/Prefabs/Buildings/SM_Bld_House_ExteriorWall_GroundFloor_Window_01.prefab using Guid(642aa9de4ab3d994a94a76aae2abbedd) Importer(815301076,1909f56bfc062723c751e8b465ee728b)  -> (artifact id: '7721aa94d5f233b853a48c16517161eb') in 0.013312 seconds
  Import took 0.016103 seconds .

========================================================================
Received Import Request.
  Time since last request: 0.000273 seconds.
  path: Assets/PolygonTown/Models/Buildings/SM_Bld_House_ExteriorWall_GroundFloor_Door_02.fbx
  artifactKey: Guid(dbb67c6c702110d46b2f1106b059c433) Importer(815301076,1909f56bfc062723c751e8b465ee728b)
Start importing Assets/PolygonTown/Models/Buildings/SM_Bld_House_ExteriorWall_GroundFloor_Door_02.fbx using Guid(dbb67c6c702110d46b2f1106b059c433) Importer(815301076,1909f56bfc062723c751e8b465ee728b)  -> (artifact id: '8b25b7df87139358c77f4b394cc01766') in 0.013198 seconds
  Import took 0.016074 seconds .

========================================================================
Received Import Request.
  Time since last request: 0.000277 seconds.
  path: Assets/PolygonTown/Models/Buildings/SM_Bld_House_ExteriorWall_GroundFloor_Window_02.fbx
  artifactKey: Guid(2df92c9fbfdcdaa44859e50b9152b1eb) Importer(815301076,1909f56bfc062723c751e8b465ee728b)
Start importing Assets/PolygonTown/Models/Buildings/SM_Bld_House_ExteriorWall_GroundFloor_Window_02.fbx using Guid(2df92c9fbfdcdaa44859e50b9152b1eb) Importer(815301076,1909f56bfc062723c751e8b465ee728b)  -> (artifact id: '1084a81b1de549e3bf30439242914e3f') in 0.013531 seconds
  Import took 0.016386 seconds .

========================================================================
Received Import Request.
  Time since last request: 0.000273 seconds.
  path: Assets/PolygonTown/Materials/Misc/Ground.mat
  artifactKey: Guid(0abcedae82ad13b49b256de7b8541398) Importer(815301076,1909f56bfc062723c751e8b465ee728b)
Start importing Assets/PolygonTown/Materials/Misc/Ground.mat using Guid(0abcedae82ad13b49b256de7b8541398) Importer(815301076,1909f56bfc062723c751e8b465ee728b)  -> (artifact id: 'bcf4a5c245132d833b39a497763d0900') in 0.005661 seconds
  Import took 0.008950 seconds .

========================================================================
Received Import Request.
  Time since last request: 0.000259 seconds.
  path: Assets/PolygonTown/Prefabs/Buildings/SM_Bld_House_ExteriorWall_GroundFloor_Garage_01.prefab
  artifactKey: Guid(e44802eac9aa6e543923a8509cb511cc) Importer(815301076,1909f56bfc062723c751e8b465ee728b)
Start importing Assets/PolygonTown/Prefabs/Buildings/SM_Bld_House_ExteriorWall_GroundFloor_Garage_01.prefab using Guid(e44802eac9aa6e543923a8509cb511cc) Importer(815301076,1909f56bfc062723c751e8b465ee728b)  -> (artifact id: '2aaa7728ce70b63908d2b30ce704868b') in 0.013142 seconds
  Import took 0.016599 seconds .

========================================================================
Received Import Request.
  Time since last request: 0.000191 seconds.
  path: Assets/PolygonTown/Prefabs/Buildings/SM_Bld_House_ExteriorWall_GroundFloor_01.prefab
  artifactKey: Guid(4bb3ced2a3031474386e87eaf2989bcb) Importer(815301076,1909f56bfc062723c751e8b465ee728b)
Start importing Assets/PolygonTown/Prefabs/Buildings/SM_Bld_House_ExteriorWall_GroundFloor_01.prefab using Guid(4bb3ced2a3031474386e87eaf2989bcb) Importer(815301076,1909f56bfc062723c751e8b465ee728b)  -> (artifact id: '46eeeba63ff1ac5b7eab5c4b78d8fc57') in 0.013548 seconds
  Import took 0.016447 seconds .

========================================================================
Received Import Request.
  Time since last request: 0.000239 seconds.
  path: Assets/PolygonTown/Prefabs/Buildings/SM_Bld_House_ExteriorWall_GroundFloor_Corner_01.prefab
  artifactKey: Guid(191813b54814aa848971577cd2207fb6) Importer(815301076,1909f56bfc062723c751e8b465ee728b)
Start importing Assets/PolygonTown/Prefabs/Buildings/SM_Bld_House_ExteriorWall_GroundFloor_Corner_01.prefab using Guid(191813b54814aa848971577cd2207fb6) Importer(815301076,1909f56bfc062723c751e8b465ee728b)  -> (artifact id: '7fa73f37d24700aba331b454e888a16c') in 0.012313 seconds
  Import took 0.015229 seconds .

========================================================================
Received Import Request.
  Time since last request: 0.000281 seconds.
  path: Assets/PolygonTown/Models/Buildings/SM_Bld_House_ExteriorWall_GroundFloor_Window_03.fbx
  artifactKey: Guid(287733ac89b508242b57745b76b593cf) Importer(815301076,1909f56bfc062723c751e8b465ee728b)
Start importing Assets/PolygonTown/Models/Buildings/SM_Bld_House_ExteriorWall_GroundFloor_Window_03.fbx using Guid(287733ac89b508242b57745b76b593cf) Importer(815301076,1909f56bfc062723c751e8b465ee728b)  -> (artifact id: '617231ac221a988717735a7cf645f825') in 0.012952 seconds
  Import took 0.015630 seconds .

========================================================================
Received Import Request.
  Time since last request: 0.000253 seconds.
  path: Assets/PolygonTown/Models/Buildings/SM_Bld_House_ExteriorWall_GroundFloor_Door_03.fbx
  artifactKey: Guid(8e4d1bda96722264c9170df99bc72615) Importer(815301076,1909f56bfc062723c751e8b465ee728b)
Start importing Assets/PolygonTown/Models/Buildings/SM_Bld_House_ExteriorWall_GroundFloor_Door_03.fbx using Guid(8e4d1bda96722264c9170df99bc72615) Importer(815301076,1909f56bfc062723c751e8b465ee728b)  -> (artifact id: '536401542783da88ea23d4e43c1a0257') in 0.013503 seconds
  Import took 0.017302 seconds .

========================================================================
Received Import Request.
  Time since last request: 0.000210 seconds.
  path: Assets/PolygonTown/Models/Buildings/SM_Bld_House_ExteriorWall_GroundFloor_02.fbx
  artifactKey: Guid(a5f146db95705fc4d96d21c43824232b) Importer(815301076,1909f56bfc062723c751e8b465ee728b)
Start importing Assets/PolygonTown/Models/Buildings/SM_Bld_House_ExteriorWall_GroundFloor_02.fbx using Guid(a5f146db95705fc4d96d21c43824232b) Importer(815301076,1909f56bfc062723c751e8b465ee728b)  -> (artifact id: '921e783f3c7772bfe670caf0abc1e35d') in 0.012293 seconds
  Import took 0.015135 seconds .

========================================================================
Received Import Request.
  Time since last request: 0.000216 seconds.
  path: Assets/PolygonTown/Prefabs/Buildings/SM_Bld_House_ExteriorWall_GroundFloor_Garage_Window_01.prefab
  artifactKey: Guid(28635f91f2011df4b94d42c5ac5e81dc) Importer(815301076,1909f56bfc062723c751e8b465ee728b)
Start importing Assets/PolygonTown/Prefabs/Buildings/SM_Bld_House_ExteriorWall_GroundFloor_Garage_Window_01.prefab using Guid(28635f91f2011df4b94d42c5ac5e81dc) Importer(815301076,1909f56bfc062723c751e8b465ee728b)  -> (artifact id: 'f02f8599b843bce2e93191e898ab7e69') in 0.014094 seconds
  Import took 0.017065 seconds .

========================================================================
Received Import Request.
  Time since last request: 0.000267 seconds.
  path: Assets/PolygonTown/Prefabs/Buildings/SM_Bld_House_ExteriorWall_GroundFloor_Window_02.prefab
  artifactKey: Guid(d573c28c49f6478458872b789fea263a) Importer(815301076,1909f56bfc062723c751e8b465ee728b)
Start importing Assets/PolygonTown/Prefabs/Buildings/SM_Bld_House_ExteriorWall_GroundFloor_Window_02.prefab using Guid(d573c28c49f6478458872b789fea263a) Importer(815301076,1909f56bfc062723c751e8b465ee728b)  -> (artifact id: '08a8a6729e1ff581b17397dd5389ce0b') in 0.014627 seconds
  Import took 0.017672 seconds .

========================================================================
Received Import Request.
  Time since last request: 0.000225 seconds.
  path: Assets/PolygonTown/Prefabs/Buildings/SM_Bld_House_ExteriorWall_GroundFloor_Door_03.prefab
  artifactKey: Guid(7001bb4b2f152484aadc132897ba68f3) Importer(815301076,1909f56bfc062723c751e8b465ee728b)
Start importing Assets/PolygonTown/Prefabs/Buildings/SM_Bld_House_ExteriorWall_GroundFloor_Door_03.prefab using Guid(7001bb4b2f152484aadc132897ba68f3) Importer(815301076,1909f56bfc062723c751e8b465ee728b)  -> (artifact id: '486d66a0b03295bbbcc00c17c50e4e45') in 0.012532 seconds
  Import took 0.016013 seconds .

========================================================================
Received Import Request.
  Time since last request: 0.000207 seconds.
  path: Assets/PolygonTown/Prefabs/Buildings/SM_Bld_House_ExteriorWall_GroundFloor_Window_03.prefab
  artifactKey: Guid(ad411455c779e734aa2e6c8c9ac5a4d5) Importer(815301076,1909f56bfc062723c751e8b465ee728b)
Start importing Assets/PolygonTown/Prefabs/Buildings/SM_Bld_House_ExteriorWall_GroundFloor_Window_03.prefab using Guid(ad411455c779e734aa2e6c8c9ac5a4d5) Importer(815301076,1909f56bfc062723c751e8b465ee728b)  -> (artifact id: 'ccddb036b3cd48cdc45ff9d886ba5fc9') in 0.013071 seconds
  Import took 0.016266 seconds .

========================================================================
Received Import Request.
  Time since last request: 0.000187 seconds.
  path: Assets/PolygonTown/Models/Buildings/SM_Bld_House_ExteriorWall_GroundFloor_02.fbx
  artifactKey: Guid(a5f146db95705fc4d96d21c43824232b) Importer(815301076,1909f56bfc062723c751e8b465ee728b)
Start importing Assets/PolygonTown/Models/Buildings/SM_Bld_House_ExteriorWall_GroundFloor_02.fbx using Guid(a5f146db95705fc4d96d21c43824232b) Importer(815301076,1909f56bfc062723c751e8b465ee728b)  -> (artifact id: '921e783f3c7772bfe670caf0abc1e35d') in 0.008694 seconds
  Import took 0.011414 seconds .

========================================================================
Received Import Request.
  Time since last request: 0.000225 seconds.
  path: Assets/PolygonTown/Prefabs/Buildings/SM_Bld_House_ExteriorWall_GroundFloor_Door_02.prefab
  artifactKey: Guid(b1fc430a7b59f6c448a727403933a33b) Importer(815301076,1909f56bfc062723c751e8b465ee728b)
Start importing Assets/PolygonTown/Prefabs/Buildings/SM_Bld_House_ExteriorWall_GroundFloor_Door_02.prefab using Guid(b1fc430a7b59f6c448a727403933a33b) Importer(815301076,1909f56bfc062723c751e8b465ee728b)  -> (artifact id: '51dd612d8951ec92713d98120195e8c2') in 0.012020 seconds
  Import took 0.014889 seconds .

========================================================================
Received Import Request.
  Time since last request: 0.000225 seconds.
  path: Assets/PolygonTown/Models/Buildings/SM_Bld_House_ExteriorWall_GroundFloor_Garage_Window_01.fbx
  artifactKey: Guid(d15bf10495a96b34ea0cf74cff32c598) Importer(815301076,1909f56bfc062723c751e8b465ee728b)
Start importing Assets/PolygonTown/Models/Buildings/SM_Bld_House_ExteriorWall_GroundFloor_Garage_Window_01.fbx using Guid(d15bf10495a96b34ea0cf74cff32c598) Importer(815301076,1909f56bfc062723c751e8b465ee728b)  -> (artifact id: '15469d2c6d73029523b5932b78615db0') in 0.019970 seconds
  Import took 0.022800 seconds .

========================================================================
Received Import Request.
  Time since last request: 0.000231 seconds.
  path: Assets/PolygonTown/Prefabs/Buildings/SM_Bld_House_ExteriorWall_GroundFloor_02.prefab
  artifactKey: Guid(8436cb5c5857101459489af998b6cc6e) Importer(815301076,1909f56bfc062723c751e8b465ee728b)
Start importing Assets/PolygonTown/Prefabs/Buildings/SM_Bld_House_ExteriorWall_GroundFloor_02.prefab using Guid(8436cb5c5857101459489af998b6cc6e) Importer(815301076,1909f56bfc062723c751e8b465ee728b)  -> (artifact id: '179a5978d6b02e44762726f83468a4f0') in 0.012328 seconds
  Import took 0.015654 seconds .

========================================================================
Received Import Request.
  Time since last request: 0.826526 seconds.
  path: Assets/PolygonTown/Prefabs/Generic/SM_Generic_Ground_01.prefab
  artifactKey: Guid(1d433fc647fed894e9ca9fc9aacd2f99) Importer(815301076,1909f56bfc062723c751e8b465ee728b)
Start importing Assets/PolygonTown/Prefabs/Generic/SM_Generic_Ground_01.prefab using Guid(1d433fc647fed894e9ca9fc9aacd2f99) Importer(815301076,1909f56bfc062723c751e8b465ee728b)  -> (artifact id: '75a688ff4048d7155da1b2c18ca0eda3') in 0.012942 seconds
  Import took 0.016137 seconds .

========================================================================
Received Import Request.
  Time since last request: 0.007158 seconds.
  path: Assets/PolygonTown/Prefabs/Generic/SM_Generic_Ground_01.prefab
  artifactKey: Guid(1d433fc647fed894e9ca9fc9aacd2f99) Importer(815301076,1909f56bfc062723c751e8b465ee728b)
Start importing Assets/PolygonTown/Prefabs/Generic/SM_Generic_Ground_01.prefab using Guid(1d433fc647fed894e9ca9fc9aacd2f99) Importer(815301076,1909f56bfc062723c751e8b465ee728b)  -> (artifact id: '75a688ff4048d7155da1b2c18ca0eda3') in 0.008939 seconds
  Import took 0.012308 seconds .

========================================================================
Received Import Request.
  Time since last request: 0.056283 seconds.
  path: Assets/PolygonTown/Models/Generic/SM_Generic_Ground_01.fbx
  artifactKey: Guid(6bdef26d13d904a459f6d3a385cb86e3) Importer(815301076,1909f56bfc062723c751e8b465ee728b)
Start importing Assets/PolygonTown/Models/Generic/SM_Generic_Ground_01.fbx using Guid(6bdef26d13d904a459f6d3a385cb86e3) Importer(815301076,1909f56bfc062723c751e8b465ee728b)  -> (artifact id: 'fde972cb56c1769efd3f4324e66a1cd4') in 0.011709 seconds
  Import took 0.032680 seconds .

========================================================================
Received Import Request.
  Time since last request: 0.000294 seconds.
  path: Assets/PolygonTown/Prefabs/Generic/SM_Generic_Ground_02.prefab
  artifactKey: Guid(d8e0b5216f0d98e4bb91dcd706c2e3f4) Importer(815301076,1909f56bfc062723c751e8b465ee728b)
Start importing Assets/PolygonTown/Prefabs/Generic/SM_Generic_Ground_02.prefab using Guid(d8e0b5216f0d98e4bb91dcd706c2e3f4) Importer(815301076,1909f56bfc062723c751e8b465ee728b)  -> (artifact id: 'cb50b2809691504261ddde79e633d4de') in 0.014141 seconds
  Import took 0.017283 seconds .

========================================================================
Received Import Request.
  Time since last request: 0.000192 seconds.
  path: Assets/PolygonTown/Models/Generic/SM_Generic_Ground_02.fbx
  artifactKey: Guid(3288b02fd8753024c94f52f483b32140) Importer(815301076,1909f56bfc062723c751e8b465ee728b)
Start importing Assets/PolygonTown/Models/Generic/SM_Generic_Ground_02.fbx using Guid(3288b02fd8753024c94f52f483b32140) Importer(815301076,1909f56bfc062723c751e8b465ee728b)  -> (artifact id: '77bb19e6c82a3227aa353821c78671e5') in 0.012627 seconds
  Import took 0.015953 seconds .

========================================================================
Received Import Request.
  Time since last request: 0.002004 seconds.
  path: Assets/PolygonTown/Models/Generic/SM_Generic_Ground_01.fbx
  artifactKey: Guid(6bdef26d13d904a459f6d3a385cb86e3) Importer(815301076,1909f56bfc062723c751e8b465ee728b)
Start importing Assets/PolygonTown/Models/Generic/SM_Generic_Ground_01.fbx using Guid(6bdef26d13d904a459f6d3a385cb86e3) Importer(815301076,1909f56bfc062723c751e8b465ee728b)  -> (artifact id: 'fde972cb56c1769efd3f4324e66a1cd4') in 0.008598 seconds
  Import took 0.011488 seconds .

========================================================================
Received Import Request.
  Time since last request: 0.550373 seconds.
  path: Assets/PolygonTown/Prefabs/Generic/SM_Generic_Ground_03.prefab
  artifactKey: Guid(70221ad9d90a8d54b90e065d033857d5) Importer(815301076,1909f56bfc062723c751e8b465ee728b)
Start importing Assets/PolygonTown/Prefabs/Generic/SM_Generic_Ground_03.prefab using Guid(70221ad9d90a8d54b90e065d033857d5) Importer(815301076,1909f56bfc062723c751e8b465ee728b)  -> (artifact id: '1ea74207d26b7f9563a8e4b75ba80de1') in 0.012648 seconds
  Import took 0.016456 seconds .

========================================================================
Received Import Request.
  Time since last request: 0.000259 seconds.
  path: Assets/PolygonTown/Models/Generic/SM_Generic_Ground_04.fbx
  artifactKey: Guid(474b4a1b0e38a8a4590ff12d59bb678f) Importer(815301076,1909f56bfc062723c751e8b465ee728b)
Start importing Assets/PolygonTown/Models/Generic/SM_Generic_Ground_04.fbx using Guid(474b4a1b0e38a8a4590ff12d59bb678f) Importer(815301076,1909f56bfc062723c751e8b465ee728b)  -> (artifact id: '9f571309ce81759ba776df47ac819293') in 0.012627 seconds
  Import took 0.016189 seconds .

========================================================================
Received Import Request.
  Time since last request: 0.000258 seconds.
  path: Assets/PolygonTown/Models/Generic/SM_Generic_Ground_03.fbx
  artifactKey: Guid(d7bd2f678e2d15f4fbd3ff7116182b20) Importer(815301076,1909f56bfc062723c751e8b465ee728b)
Start importing Assets/PolygonTown/Models/Generic/SM_Generic_Ground_03.fbx using Guid(d7bd2f678e2d15f4fbd3ff7116182b20) Importer(815301076,1909f56bfc062723c751e8b465ee728b)  -> (artifact id: '6868e70106b4be508eeefabf41cc12ea') in 0.012428 seconds
  Import took 0.015713 seconds .

========================================================================
Received Import Request.
  Time since last request: 0.033855 seconds.
  path: Assets/PolygonTown/Prefabs/Generic/SM_Generic_Ground_04.prefab
  artifactKey: Guid(391f9182fbee18047888beef314c5e2e) Importer(815301076,1909f56bfc062723c751e8b465ee728b)
Start importing Assets/PolygonTown/Prefabs/Generic/SM_Generic_Ground_04.prefab using Guid(391f9182fbee18047888beef314c5e2e) Importer(815301076,1909f56bfc062723c751e8b465ee728b)  -> (artifact id: '0b882dd738d6edc910137c237bd09ead') in 0.011682 seconds
  Import took 0.014722 seconds .

========================================================================
Received Import Request.
  Time since last request: 0.051660 seconds.
  path: Assets/PolygonTown/Models/Generic/SM_Generic_Ground_Flat_01.fbx
  artifactKey: Guid(01ab91dc58ebec745a3e6de7ac7c871b) Importer(815301076,1909f56bfc062723c751e8b465ee728b)
Start importing Assets/PolygonTown/Models/Generic/SM_Generic_Ground_Flat_01.fbx using Guid(01ab91dc58ebec745a3e6de7ac7c871b) Importer(815301076,1909f56bfc062723c751e8b465ee728b)  -> (artifact id: '8ab7dc05bd28b942f9a6b9921396d949') in 0.011914 seconds
  Import took 0.015266 seconds .

========================================================================
Received Import Request.
  Time since last request: 0.312485 seconds.
  path: Assets/PolygonTown/Prefabs/Generic/SM_Generic_Ground_Flat_01.prefab
  artifactKey: Guid(6b08b22e01997b64287471d7f3b33935) Importer(815301076,1909f56bfc062723c751e8b465ee728b)
Start importing Assets/PolygonTown/Prefabs/Generic/SM_Generic_Ground_Flat_01.prefab using Guid(6b08b22e01997b64287471d7f3b33935) Importer(815301076,1909f56bfc062723c751e8b465ee728b)  -> (artifact id: 'c61ee97a404c72eb209abb0129244918') in 0.012028 seconds
  Import took 0.015314 seconds .

========================================================================
Received Import Request.
  Time since last request: 0.074684 seconds.
  path: Assets/PolygonTown/Models/Generic/SM_Generic_Ground_Tile_01.fbx
  artifactKey: Guid(e9599d12a04c7f34290dbc4df27191bf) Importer(815301076,1909f56bfc062723c751e8b465ee728b)
Start importing Assets/PolygonTown/Models/Generic/SM_Generic_Ground_Tile_01.fbx using Guid(e9599d12a04c7f34290dbc4df27191bf) Importer(815301076,1909f56bfc062723c751e8b465ee728b)  -> (artifact id: 'f2df26e060473d7843683144634c25ca') in 0.012294 seconds
  Import took 0.015170 seconds .

========================================================================
Received Import Request.
  Time since last request: 0.000245 seconds.
  path: Assets/PolygonTown/Prefabs/Generic/SM_Generic_Ground_Tile_01.prefab
  artifactKey: Guid(da248cfbf8da26a4eb5137285e32594a) Importer(815301076,1909f56bfc062723c751e8b465ee728b)
Start importing Assets/PolygonTown/Prefabs/Generic/SM_Generic_Ground_Tile_01.prefab using Guid(da248cfbf8da26a4eb5137285e32594a) Importer(815301076,1909f56bfc062723c751e8b465ee728b)  -> (artifact id: '1cc85fbf8fd1ec22e235c45d53a8f607') in 0.011473 seconds
  Import took 0.014536 seconds .

========================================================================
Received Import Request.
  Time since last request: 0.000281 seconds.
  path: Assets/PolygonTown/Models/Generic/SM_Generic_Ground_Tile_01.fbx
  artifactKey: Guid(e9599d12a04c7f34290dbc4df27191bf) Importer(815301076,1909f56bfc062723c751e8b465ee728b)
Start importing Assets/PolygonTown/Models/Generic/SM_Generic_Ground_Tile_01.fbx using Guid(e9599d12a04c7f34290dbc4df27191bf) Importer(815301076,1909f56bfc062723c751e8b465ee728b)  -> (artifact id: 'f2df26e060473d7843683144634c25ca') in 0.010297 seconds
  Import took 0.013009 seconds .

========================================================================
Received Import Request.
  Time since last request: 0.039968 seconds.
  path: Assets/PolygonTown/Prefabs/Generic/SM_Generic_Ground_Tile_01.prefab
  artifactKey: Guid(da248cfbf8da26a4eb5137285e32594a) Importer(815301076,1909f56bfc062723c751e8b465ee728b)
Start importing Assets/PolygonTown/Prefabs/Generic/SM_Generic_Ground_Tile_01.prefab using Guid(da248cfbf8da26a4eb5137285e32594a) Importer(815301076,1909f56bfc062723c751e8b465ee728b)  -> (artifact id: '1cc85fbf8fd1ec22e235c45d53a8f607') in 0.009054 seconds
  Import took 0.012270 seconds .

========================================================================
Received Import Request.
  Time since last request: 57.689345 seconds.
  path: Assets/PolygonTown/Prefabs/Props/SM_Prop_Playground_Fort_01.prefab
  artifactKey: Guid(50cd1b802ffb9784aa37160c321c30cb) Importer(815301076,1909f56bfc062723c751e8b465ee728b)
Start importing Assets/PolygonTown/Prefabs/Props/SM_Prop_Playground_Fort_01.prefab using Guid(50cd1b802ffb9784aa37160c321c30cb) Importer(815301076,1909f56bfc062723c751e8b465ee728b)  -> (artifact id: '0ef745a92e93877466883f5385e5511c') in 0.014251 seconds
  Import took 0.017986 seconds .

========================================================================
Received Import Request.
  Time since last request: 0.000223 seconds.
  path: Assets/PolygonTown/Models/Props/SM_Prop_Playground_Slide_01.fbx
  artifactKey: Guid(737a15ef7f3e5434e98b9fe30a5e3bcd) Importer(815301076,1909f56bfc062723c751e8b465ee728b)
Start importing Assets/PolygonTown/Models/Props/SM_Prop_Playground_Slide_01.fbx using Guid(737a15ef7f3e5434e98b9fe30a5e3bcd) Importer(815301076,1909f56bfc062723c751e8b465ee728b)  -> (artifact id: '12a354f1d5466af01a86763875317b64') in 0.014726 seconds
  Import took 0.018087 seconds .

========================================================================
Received Import Request.
  Time since last request: 0.000293 seconds.
  path: Assets/PolygonTown/Models/Props/SM_Prop_Playground_Swing_01.fbx
  artifactKey: Guid(df6afca3ab15bc241804682cf3be2e1b) Importer(815301076,1909f56bfc062723c751e8b465ee728b)
Start importing Assets/PolygonTown/Models/Props/SM_Prop_Playground_Swing_01.fbx using Guid(df6afca3ab15bc241804682cf3be2e1b) Importer(815301076,1909f56bfc062723c751e8b465ee728b)  -> (artifact id: '9745c040ca2f1f33ec5315d7d7fe82d1') in 0.021210 seconds
  Import took 0.024145 seconds .

========================================================================
Received Import Request.
  Time since last request: 0.000272 seconds.
  path: Assets/PolygonTown/Prefabs/Props/SM_Prop_Playground_Roundabout_01.prefab
  artifactKey: Guid(64960d3d1200a1e40bd9fa066810606a) Importer(815301076,1909f56bfc062723c751e8b465ee728b)
Start importing Assets/PolygonTown/Prefabs/Props/SM_Prop_Playground_Roundabout_01.prefab using Guid(64960d3d1200a1e40bd9fa066810606a) Importer(815301076,1909f56bfc062723c751e8b465ee728b)  -> (artifact id: '5a8a46929113d3bc79948f34780635ec') in 0.014004 seconds
  Import took 0.017405 seconds .

========================================================================
Received Import Request.
  Time since last request: 0.000299 seconds.
  path: Assets/PolygonTown/Models/Props/SM_Prop_Playground_Roundabout_01.fbx
  artifactKey: Guid(e48779ae2b8d004419c98dc36f0a2b5a) Importer(815301076,1909f56bfc062723c751e8b465ee728b)
Start importing Assets/PolygonTown/Models/Props/SM_Prop_Playground_Roundabout_01.fbx using Guid(e48779ae2b8d004419c98dc36f0a2b5a) Importer(815301076,1909f56bfc062723c751e8b465ee728b)  -> (artifact id: '71fec2e2f2498e8fef150bce850c26b6') in 0.011393 seconds
  Import took 0.014436 seconds .

========================================================================
Received Import Request.
  Time since last request: 0.000273 seconds.
  path: Assets/PolygonTown/Models/Props/SM_Prop_Playground_Fort_01.fbx
  artifactKey: Guid(2e6aaf11891118b468e937c4e28f0022) Importer(815301076,1909f56bfc062723c751e8b465ee728b)
Start importing Assets/PolygonTown/Models/Props/SM_Prop_Playground_Fort_01.fbx using Guid(2e6aaf11891118b468e937c4e28f0022) Importer(815301076,1909f56bfc062723c751e8b465ee728b)  -> (artifact id: '3e0a8c82e94faac175f55c9701990aa3') in 0.012940 seconds
  Import took 0.016051 seconds .

========================================================================
Received Import Request.
  Time since last request: 0.000193 seconds.
  path: Assets/PolygonTown/Prefabs/Props/SM_Prop_Playground_Slide_01.prefab
  artifactKey: Guid(a636329b0532f3649b74a2628830e3fc) Importer(815301076,1909f56bfc062723c751e8b465ee728b)
Start importing Assets/PolygonTown/Prefabs/Props/SM_Prop_Playground_Slide_01.prefab using Guid(a636329b0532f3649b74a2628830e3fc) Importer(815301076,1909f56bfc062723c751e8b465ee728b)  -> (artifact id: '6587d70cdcf796ec2739bd87c567f2ff') in 0.011594 seconds
  Import took 0.014639 seconds .

========================================================================
Received Import Request.
  Time since last request: 0.000208 seconds.
  path: Assets/PolygonTown/Prefabs/Props/SM_Prop_Playground_Swing_01.prefab
  artifactKey: Guid(54c1ccc51ff9c104ba40c0b466351020) Importer(815301076,1909f56bfc062723c751e8b465ee728b)
Start importing Assets/PolygonTown/Prefabs/Props/SM_Prop_Playground_Swing_01.prefab using Guid(54c1ccc51ff9c104ba40c0b466351020) Importer(815301076,1909f56bfc062723c751e8b465ee728b)  -> (artifact id: 'b157416720f6bdf84a826f066ceca91e') in 0.012209 seconds
  Import took 0.015233 seconds .

AssetImportWorkerClient::OnTransportError - code=2 error=End of file
